[2024-02-26 18:50:48,347] 160 numexpr.utils - INFO -NumExpr defaulting to 4 threads.
[2024-02-26 18:51:01,102] 241 django.request - WARNING -Not Found: /docs/5.3/assets/js/color-modes.js
[2024-02-26 18:51:11,959] 241 django.request - WARNING -Bad Request: /authentication/validate-email
[2024-02-26 18:51:12,437] 241 django.request - WARNING -Bad Request: /authentication/validate-email
[2024-02-26 18:51:12,813] 241 django.request - WARNING -Bad Request: /authentication/validate-email
[2024-02-26 18:51:13,206] 241 django.request - WARNING -Bad Request: /authentication/validate-email
[2024-02-26 18:51:14,735] 241 django.request - WARNING -Bad Request: /authentication/validate-email
[2024-02-26 18:51:15,094] 241 django.request - WARNING -Bad Request: /authentication/validate-email
[2024-02-26 18:51:15,425] 241 django.request - WARNING -Bad Request: /authentication/validate-email
[2024-02-26 18:51:15,734] 241 django.request - WARNING -Bad Request: /authentication/validate-email
[2024-02-26 18:51:16,117] 241 django.request - WARNING -Bad Request: /authentication/validate-email
[2024-02-26 18:51:16,429] 241 django.request - WARNING -Bad Request: /authentication/validate-email
[2024-02-26 18:51:16,741] 241 django.request - WARNING -Bad Request: /authentication/validate-email
[2024-02-26 18:51:17,302] 241 django.request - WARNING -Bad Request: /authentication/validate-email
[2024-02-26 18:51:17,749] 241 django.request - WARNING -Bad Request: /authentication/validate-email
[2024-02-26 18:51:18,157] 241 django.request - WARNING -Bad Request: /authentication/validate-email
[2024-02-26 18:51:19,078] 241 django.request - WARNING -Bad Request: /authentication/validate-email
[2024-02-26 18:51:19,103] 241 django.request - WARNING -Bad Request: /authentication/validate-email
[2024-02-26 18:51:22,157] 241 django.request - WARNING -Bad Request: /authentication/validate-email
[2024-02-26 18:51:33,682] 241 django.request - ERROR -Internal Server Error: /authentication/register
Traceback (most recent call last):
  File "C:\Users\DELL\Anaconda3\lib\site-packages\django\core\handlers\exception.py", line 55, in inner
    response = get_response(request)
  File "C:\Users\DELL\Anaconda3\lib\site-packages\django\core\handlers\base.py", line 197, in _get_response
    response = wrapped_callback(request, *callback_args, **callback_kwargs)
  File "C:\Users\DELL\Anaconda3\lib\site-packages\django\views\generic\base.py", line 104, in view
    return self.dispatch(request, *args, **kwargs)
  File "C:\Users\DELL\Anaconda3\lib\site-packages\django\views\generic\base.py", line 143, in dispatch
    return handler(request, *args, **kwargs)
  File "C:\Users\DELL\PycharmProjects\django\myproject\authentication\views.py", line 88, in post
    email.send(fail_silently=False)
  File "C:\Users\DELL\Anaconda3\lib\site-packages\django\core\mail\message.py", line 300, in send
    return self.get_connection(fail_silently).send_messages([self])
  File "C:\Users\DELL\Anaconda3\lib\site-packages\django\core\mail\backends\smtp.py", line 128, in send_messages
    new_conn_created = self.open()
  File "C:\Users\DELL\Anaconda3\lib\site-packages\django\core\mail\backends\smtp.py", line 86, in open
    self.connection = self.connection_class(
  File "C:\Users\DELL\Anaconda3\lib\smtplib.py", line 255, in __init__
    (code, msg) = self.connect(host, port)
  File "C:\Users\DELL\Anaconda3\lib\smtplib.py", line 341, in connect
    self.sock = self._get_socket(host, port, self.timeout)
  File "C:\Users\DELL\Anaconda3\lib\smtplib.py", line 312, in _get_socket
    return socket.create_connection((host, port), timeout,
  File "C:\Users\DELL\Anaconda3\lib\socket.py", line 824, in create_connection
    for res in getaddrinfo(host, port, 0, SOCK_STREAM):
  File "C:\Users\DELL\Anaconda3\lib\socket.py", line 955, in getaddrinfo
    for res in _socket.getaddrinfo(host, port, family, type, proto, flags):
socket.gaierror: [Errno 11003] getaddrinfo failed
[2024-02-26 18:56:45,547] 266 django.utils.autoreload - INFO -C:\Users\DELL\PycharmProjects\django\myproject\expensewebsite\settings.py changed, reloading.
